(node) child_process: options.customFds option is deprecated. Use options.stdio instead.
1..4
ok 1 Array indexOf() should return -1 when the value is not present
ok 2 Array indexOf() should return the correct index when the value is present
ok 3 Array pop() should remove and return the last value
ok 4 Array has a length property
(node) child_process: options.customFds option is deprecated. Use options.stdio instead.
1..2
ok 1 Array indexOf() should return -1 when the value is not present
ok 2 Array indexOf() should return the correct index when the value is present
(node) child_process: options.customFds option is deprecated. Use options.stdio instead.
1..3
ok 1 Array length
ok 2 Array indexOf()
ok 3 String length
(node) child_process: options.customFds option is deprecated. Use options.stdio instead.
1..4
ok 1 Array indexOf() should return -1 when the value is not present
ok 2 Array indexOf() should return the correct index when the value is present
ok 3 Array indexOf() should return -1 when the value is not present
ok 4 Array indexOf() should return the correct index when the value is present
not ok 5 Array "after all" hook
  AssertionError: expected Array [
    'before',
    'before each',
    'one',
    'after each',
    'before each',
    'two',
    'after each',
    'after',
    'one',
    'after each',
    'before each',
    'two',
    'after each',
    'after',
    'before',
    'before each'
  ] to equal Array [
    'before',
    'before each',
    'one',
    'after each',
    'before each',
    'two',
    'after each',
    'after'
  ] (at length, A has 16 and B has 8)
      at Assertion.fail (/Users/matt/Documents/classes/cs230/checkable-semver/mocha/node_modules/should/lib/assertion.js:91:17)
      at Assertion.Object.defineProperty.value (/Users/matt/Documents/classes/cs230/checkable-semver/mocha/node_modules/should/lib/assertion.js:163:19)
      at Context.exports.Array.after (/Users/matt/Documents/classes/cs230/checkable-semver/mocha/test/acceptance/interfaces/exports.js:11:18)
      at Hook.Runnable.run (/Users/matt/Documents/classes/cs230/checkable-semver/mocha/lib/runnable.js:184:32)
      at next (/Users/matt/Documents/classes/cs230/checkable-semver/mocha/lib/runner.js:194:10)
      at /Users/matt/Documents/classes/cs230/checkable-semver/mocha/lib/runner.js:205:5
      at _combinedTickCallback (node.js:370:9)
      at process._tickCallback (node.js:401:11)
      at Function.Module.runMain (module.js:449:11)
      at startup (node.js:141:18)
      at node.js:933:3
make: *** [test-exports] Error 1
